2025-12-29 02:05:27 - INFO - === 任务开始 - 测试 (ID: 1) ===
2025-12-29 02:05:27 - INFO - 任务启动成功
2025-12-29 02:05:27 - INFO - 任务参数:
2025-12-29 02:05:27 - INFO -   symbol: SKYUSDT
2025-12-29 02:05:27 - INFO -   quantity: 3000.0
2025-12-29 02:05:27 - INFO -   interval: 5
2025-12-29 02:05:27 - INFO -   rounds: 3
2025-12-29 02:05:27 - INFO -   leverage: 20
2025-12-29 02:05:27 - INFO -   side: both
2025-12-29 02:05:27 - INFO -   order_type: market
2025-12-29 02:05:30 - INFO - === 任务开始 - 测试 (ID: 1) ===
2025-12-29 02:05:30 - INFO - ============================================================
2025-12-29 02:05:30 - INFO - 任务运行器启动 - 任务ID: 1
2025-12-29 02:05:30 - INFO - ============================================================
2025-12-29 02:05:30 - INFO - 任务数据加载成功: 测试
2025-12-29 02:05:30 - INFO - 钱包: 我自己的钱包 (futures)
2025-12-29 02:05:30 - INFO - 策略: 合约HIDDEN自成交策略 (hidden_futures)
2025-12-29 02:05:30 - INFO - 策略参数: {'symbol': 'SKYUSDT', 'quantity': '3000.00000000', 'interval': 5, 'rounds': 3, 'leverage': 20, 'side': 'both', 'order_type': 'market'}
2025-12-29 02:05:30 - INFO - 策略类加载成功: HiddenFuturesStrategy
2025-12-29 02:05:30 - INFO - 策略实例创建成功: HiddenFuturesStrategy
2025-12-29 02:05:30 - INFO - 开始执行策略...
2025-12-29 02:05:30 - INFO - 策略配置: {'user_address': '0x056b241835dBe6F401BA19e94cB2039330445F33', 'signer_address': '0x4273a4a866cf2f5ed8ab6dfd19a24f75eed43245', 'private_key': '0x0970faf9405862f4aca808494d2d5740082a5bb6f5f6a37930d1c2314edced97', 'proxy_enabled': True, 'proxy_host': '127.0.0.1', 'proxy_port': 7890}
2025-12-29 02:05:30 - INFO - \n开始执行HIDDEN隐藏订单合约自成交策略...
2025-12-29 02:05:30 - INFO - 计划执行 3 轮，每轮间隔 5 秒
2025-12-29 02:05:37 - INFO - [SUCCESS] 连接和配置完成
2025-12-29 02:05:37 - ERROR - [ERROR] 连接错误: 'HiddenFuturesStrategy' object has no attribute 'check_account_balance'
2025-12-29 02:05:37 - ERROR - 策略执行失败！
2025-12-29 02:05:37 - INFO - ============================================================
2025-12-29 02:05:37 - INFO - 任务运行器结束 - 任务ID: 1
2025-12-29 02:05:37 - INFO - ============================================================
2025-12-29 02:07:54 - INFO - === 任务开始 - 测试 (ID: 1) ===
2025-12-29 02:07:54 - INFO - 任务启动成功
2025-12-29 02:07:54 - INFO - 任务参数:
2025-12-29 02:07:54 - INFO -   symbol: SKYUSDT
2025-12-29 02:07:54 - INFO -   quantity: 3000.0
2025-12-29 02:07:54 - INFO -   interval: 5
2025-12-29 02:07:54 - INFO -   rounds: 3
2025-12-29 02:07:54 - INFO -   leverage: 20
2025-12-29 02:07:54 - INFO -   side: both
2025-12-29 02:07:54 - INFO -   order_type: market
2025-12-29 02:07:57 - INFO - === 任务开始 - 测试 (ID: 1) ===
2025-12-29 02:07:57 - INFO - ============================================================
2025-12-29 02:07:57 - INFO - 任务运行器启动 - 任务ID: 1
2025-12-29 02:07:57 - INFO - ============================================================
2025-12-29 02:07:57 - INFO - 任务数据加载成功: 测试
2025-12-29 02:07:57 - INFO - 钱包: 我自己的钱包 (futures)
2025-12-29 02:07:57 - INFO - 策略: 合约HIDDEN自成交策略 (hidden_futures)
2025-12-29 02:07:57 - INFO - 策略参数: {'symbol': 'SKYUSDT', 'quantity': '3000.00000000', 'interval': 5, 'rounds': 3, 'leverage': 20, 'side': 'both', 'order_type': 'market'}
2025-12-29 02:07:58 - INFO - 策略类加载成功: HiddenFuturesStrategy
2025-12-29 02:07:58 - INFO - 策略实例创建成功: HiddenFuturesStrategy
2025-12-29 02:07:58 - INFO - 开始执行策略...
2025-12-29 02:07:58 - INFO - 策略配置: {'user_address': '0x056b241835dBe6F401BA19e94cB2039330445F33', 'signer_address': '0x4273a4a866cf2f5ed8ab6dfd19a24f75eed43245', 'private_key': '0x0970faf9405862f4aca808494d2d5740082a5bb6f5f6a37930d1c2314edced97', 'proxy_enabled': True, 'proxy_host': '127.0.0.1', 'proxy_port': 7890}
2025-12-29 02:07:58 - INFO - \n开始执行HIDDEN隐藏订单合约自成交策略...
2025-12-29 02:07:58 - INFO - 计划执行 3 轮，每轮间隔 5 秒
2025-12-29 02:08:00 - INFO - [SUCCESS] 连接和配置完成
2025-12-29 02:08:00 - INFO - 检查账户余额...
2025-12-29 02:08:01 - INFO - 账户余额信息:
2025-12-29 02:08:01 - INFO -   钱包总余额: 60.4058 USDT
2025-12-29 02:08:01 - INFO -   可用余额: 60.3937 USDT
2025-12-29 02:08:02 - INFO - 交易估算:
2025-12-29 02:08:02 - INFO -   当前价格: 0.06381 USDT
2025-12-29 02:08:02 - INFO -   交易数量: 3000 张
2025-12-29 02:08:02 - INFO -   杠杆倍数: 20x
2025-12-29 02:08:02 - INFO -   所需保证金: 9.5715 USDT
2025-12-29 02:08:02 - INFO - [SUCCESS] 账户余额充足
2025-12-29 02:08:02 - INFO - \n============================================================
2025-12-29 02:08:02 - INFO - 开始第 1/3 轮交易
2025-12-29 02:08:02 - INFO - ============================================================
2025-12-29 02:08:03 - INFO - 深度信息: 买一=0.06381, 卖一=0.06404
2025-12-29 02:08:03 - INFO - 价差: 0.00023
2025-12-29 02:08:03 - INFO - 中间价格: 0.06393
2025-12-29 02:08:03 - INFO - \n=== 第1轮: 执行HIDDEN隐藏订单自成交 ===
2025-12-29 02:08:03 - INFO - 中间价格: 0.06393
2025-12-29 02:08:03 - INFO - 数量: 3000.00000000张 (多空各3000.00000000张)
2025-12-29 02:08:03 - INFO - 统一价格字符串: '0.06393'
2025-12-29 02:08:03 - INFO - HIDDEN隐藏订单详情:
2025-12-29 02:08:03 - INFO -   订单1: BUY 3000.00000000张 @0.06393 (HIDDEN)
2025-12-29 02:08:03 - INFO -   订单2: SELL 3000.00000000张 @0.06393 (HIDDEN)
2025-12-29 02:08:03 - INFO - \n提交批量HIDDEN订单...
2025-12-29 02:08:14 - INFO - 批量下单耗时: 10527毫秒
2025-12-29 02:08:16 - INFO - [SUCCESS] 第1轮执行成功! 耗时: 13974毫秒
2025-12-29 02:08:16 - INFO - \n等待 5 秒进入下一轮...
2025-12-29 02:08:21 - INFO - \n============================================================
2025-12-29 02:08:21 - INFO - 开始第 2/3 轮交易
2025-12-29 02:08:21 - INFO - ============================================================
2025-12-29 02:08:27 - INFO - 深度信息: 买一=0.06379, 卖一=0.06401
2025-12-29 02:08:27 - INFO - 价差: 0.00022
2025-12-29 02:08:27 - INFO - 中间价格: 0.06390
2025-12-29 02:08:27 - INFO - \n=== 第2轮: 执行HIDDEN隐藏订单自成交 ===
2025-12-29 02:08:27 - INFO - 中间价格: 0.06390
2025-12-29 02:08:27 - INFO - 数量: 3000.00000000张 (多空各3000.00000000张)
2025-12-29 02:08:27 - INFO - 统一价格字符串: '0.06390'
2025-12-29 02:08:27 - INFO - HIDDEN隐藏订单详情:
2025-12-29 02:08:27 - INFO -   订单1: BUY 3000.00000000张 @0.06390 (HIDDEN)
2025-12-29 02:08:27 - INFO -   订单2: SELL 3000.00000000张 @0.06390 (HIDDEN)
2025-12-29 02:08:27 - INFO - \n提交批量HIDDEN订单...
2025-12-29 02:08:37 - INFO - 批量下单耗时: 10056毫秒
2025-12-29 02:08:39 - INFO - [SUCCESS] 第2轮执行成功! 耗时: 18126毫秒
2025-12-29 02:08:39 - INFO - \n等待 5 秒进入下一轮...
2025-12-29 02:08:44 - INFO - \n============================================================
2025-12-29 02:08:44 - INFO - 开始第 3/3 轮交易
2025-12-29 02:08:44 - INFO - ============================================================
2025-12-29 02:08:51 - INFO - 深度信息: 买一=0.06381, 卖一=0.06401
2025-12-29 02:08:51 - INFO - 价差: 0.00020
2025-12-29 02:08:51 - INFO - 中间价格: 0.06391
2025-12-29 02:08:51 - INFO - \n=== 第3轮: 执行HIDDEN隐藏订单自成交 ===
2025-12-29 02:08:51 - INFO - 中间价格: 0.06391
2025-12-29 02:08:51 - INFO - 数量: 3000.00000000张 (多空各3000.00000000张)
2025-12-29 02:08:51 - INFO - 统一价格字符串: '0.06391'
2025-12-29 02:08:51 - INFO - HIDDEN隐藏订单详情:
2025-12-29 02:08:51 - INFO -   订单1: BUY 3000.00000000张 @0.06391 (HIDDEN)
2025-12-29 02:08:51 - INFO -   订单2: SELL 3000.00000000张 @0.06391 (HIDDEN)
2025-12-29 02:08:51 - INFO - \n提交批量HIDDEN订单...
2025-12-29 02:08:53 - INFO - 批量下单耗时: 2043毫秒
2025-12-29 02:08:55 - INFO - [SUCCESS] 第3轮执行成功! 耗时: 10245毫秒
2025-12-29 02:08:55 - INFO - \n============================================================
2025-12-29 02:08:55 - INFO - === 策略执行完成 ===
2025-12-29 02:08:55 - INFO - ============================================================
2025-12-29 02:08:55 - INFO - [SUCCESS] HIDDEN隐藏订单自成交策略执行完成!
2025-12-29 02:08:55 - INFO - [SUMMARY] 执行总结:
2025-12-29 02:08:55 - INFO -   交易对: SKYUSDT
2025-12-29 02:08:55 - INFO -   单次数量: 3000.00000000张 (多空各3000.00000000张)
2025-12-29 02:08:55 - INFO -   总轮次: 3轮
2025-12-29 02:08:55 - INFO -   成功轮次: 3轮
2025-12-29 02:08:55 - INFO -   失败轮次: 0轮
2025-12-29 02:08:55 - INFO -   成功率: 100.0%
2025-12-29 02:08:55 - INFO -   间隔时间: 5秒
2025-12-29 02:08:55 - INFO -   订单类型: HIDDEN隐藏订单
2025-12-29 02:08:55 - INFO -   成交方式: 批量API同时提交，立即内部匹配
2025-12-29 02:08:55 - INFO -   总耗时: 52421毫秒
2025-12-29 02:08:55 - INFO -   平均每轮: 17474毫秒
2025-12-29 02:08:55 - INFO - 策略执行成功！
2025-12-29 02:08:55 - INFO - ============================================================
2025-12-29 02:08:55 - INFO - 任务运行器结束 - 任务ID: 1
2025-12-29 02:08:55 - INFO - ============================================================
2025-12-29 09:58:20 - INFO - === 任务开始 - 测试 (ID: 2) ===
2025-12-29 09:58:20 - INFO - 任务启动成功
2025-12-29 09:58:20 - INFO - 任务参数:
2025-12-29 09:58:20 - INFO -   symbol: SENTISUSDT
2025-12-29 09:58:20 - INFO -   quantity: 101.0
2025-12-29 09:58:20 - INFO -   interval: 5
2025-12-29 09:58:20 - INFO -   rounds: 3
2025-12-29 09:58:20 - INFO -   leverage: 1
2025-12-29 09:58:20 - INFO -   side: buy
2025-12-29 09:58:20 - INFO -   order_type: market
2025-12-29 09:58:23 - INFO - === 任务开始 - 测试 (ID: 2) ===
2025-12-29 09:58:23 - INFO - ============================================================
2025-12-29 09:58:23 - INFO - 任务运行器启动 - 任务ID: 2
2025-12-29 09:58:23 - INFO - ============================================================
2025-12-29 09:58:23 - INFO - 任务数据加载成功: 测试
2025-12-29 09:58:23 - INFO - 钱包: 我自己的钱包 (spot)
2025-12-29 09:58:23 - INFO - 策略: 现货刷量策略 (volume)
2025-12-29 09:58:23 - INFO - 策略参数: {'symbol': 'SENTISUSDT', 'quantity': '101.00000000', 'interval': 5, 'rounds': 3, 'leverage': 1, 'side': 'buy', 'order_type': 'market'}
2025-12-29 09:58:23 - INFO - 策略类加载成功: VolumeStrategy
2025-12-29 09:58:23 - INFO - 策略实例创建成功: VolumeStrategy
2025-12-29 09:58:23 - INFO - 开始执行策略...
2025-12-29 09:58:23 - INFO - 策略配置: {'api_key': 'f3d3233e01f373cf8734eb78accd602dd24ce7eff705982b63a090cd761ce21e', 'secret_key': '7df12718e8f91e03fede14ca63843a6c15b1a4f0e35a9e43cd2d9cc307556aa7', 'proxy_enabled': True, 'proxy_host': '127.0.0.1', 'proxy_port': 7890}
2025-12-29 09:58:54 - ERROR - 策略执行失败！
2025-12-29 09:58:54 - INFO - ============================================================
2025-12-29 09:58:54 - INFO - 任务运行器结束 - 任务ID: 2
2025-12-29 09:58:54 - INFO - ============================================================
2025-12-29 10:02:05 - INFO - === 任务开始 - 测试 (ID: 2) ===
2025-12-29 10:02:05 - INFO - 任务启动成功
2025-12-29 10:02:05 - INFO - 任务参数:
2025-12-29 10:02:05 - INFO -   symbol: SENTISUSDT
2025-12-29 10:02:05 - INFO -   quantity: 101.0
2025-12-29 10:02:05 - INFO -   interval: 5
2025-12-29 10:02:05 - INFO -   rounds: 3
2025-12-29 10:02:05 - INFO -   leverage: 1
2025-12-29 10:02:05 - INFO -   side: buy
2025-12-29 10:02:05 - INFO -   order_type: market
2025-12-29 10:02:07 - INFO - === 任务开始 - 测试 (ID: 2) ===
2025-12-29 10:02:07 - INFO - ============================================================
2025-12-29 10:02:07 - INFO - 任务运行器启动 - 任务ID: 2
2025-12-29 10:02:07 - INFO - ============================================================
2025-12-29 10:02:07 - INFO - 任务数据加载成功: 测试
2025-12-29 10:02:07 - INFO - 钱包: 我自己的钱包 (spot)
2025-12-29 10:02:07 - INFO - 策略: 现货刷量策略 (volume)
2025-12-29 10:02:07 - INFO - 策略参数: {'symbol': 'SENTISUSDT', 'quantity': '101.00000000', 'interval': 5, 'rounds': 3, 'leverage': 1, 'side': 'buy', 'order_type': 'market'}
2025-12-29 10:02:07 - INFO - 策略类加载成功: VolumeStrategy
2025-12-29 10:02:07 - INFO - 策略实例创建成功: VolumeStrategy
2025-12-29 10:02:08 - INFO - 开始执行策略...
2025-12-29 10:02:08 - INFO - 策略配置: {'api_key': 'f3d3233e01f373cf8734eb78accd602dd24ce7eff705982b63a090cd761ce21e', 'secret_key': '7df12718e8f91e03fede14ca63843a6c15b1a4f0e35a9e43cd2d9cc307556aa7', 'proxy_enabled': True, 'proxy_host': '127.0.0.1', 'proxy_port': 7890}
2025-12-29 10:02:41 - ERROR - 获取订单薄失败: [Errno 22] Invalid argument
2025-12-29 10:02:41 - ERROR - 无法获取订单薄，跳过本轮
2025-12-29 10:02:41 - ERROR - 策略执行异常: [Errno 22] Invalid argument
2025-12-29 10:02:41 - ERROR - 策略执行异常详情: Traceback (most recent call last):
  File "D:\Projects\aster_auto\strategies\volume_strategy.py", line 784, in run
    print(f"第 {round_num} 轮失败")
OSError: [Errno 22] Invalid argument

During handling of the above exception, another exception occurred:

Traceback (most recent call last):
  File "D:\Projects\aster_auto\task_runner.py", line 274, in run
    success = strategy_instance.run()
  File "D:\Projects\aster_auto\strategies\volume_strategy.py", line 801, in run
    print(f"策略执行错误: {e}")
OSError: [Errno 22] Invalid argument

2025-12-29 10:02:41 - INFO - ============================================================
2025-12-29 10:02:41 - INFO - 任务运行器结束 - 任务ID: 2
2025-12-29 10:02:41 - INFO - ============================================================
2025-12-29 10:05:08 - INFO - === 任务开始 - 测试 (ID: 2) ===
2025-12-29 10:05:08 - INFO - 任务启动成功
2025-12-29 10:05:08 - INFO - 任务参数:
2025-12-29 10:05:08 - INFO -   symbol: SENTISUSDT
2025-12-29 10:05:08 - INFO -   quantity: 101.0
2025-12-29 10:05:08 - INFO -   interval: 5
2025-12-29 10:05:08 - INFO -   rounds: 3
2025-12-29 10:05:08 - INFO -   leverage: 1
2025-12-29 10:05:08 - INFO -   side: buy
2025-12-29 10:05:08 - INFO -   order_type: market
2025-12-29 10:05:10 - INFO - === 任务开始 - 测试 (ID: 2) ===
2025-12-29 10:05:10 - INFO - ============================================================
2025-12-29 10:05:10 - INFO - 任务运行器启动 - 任务ID: 2
2025-12-29 10:05:10 - INFO - ============================================================
2025-12-29 10:05:10 - INFO - 任务数据加载成功: 测试
2025-12-29 10:05:10 - INFO - 钱包: 我自己的钱包 (spot)
2025-12-29 10:05:10 - INFO - 策略: 现货刷量策略 (volume)
2025-12-29 10:05:10 - INFO - 策略参数: {'symbol': 'SENTISUSDT', 'quantity': '101.00000000', 'interval': 5, 'rounds': 3, 'leverage': 1, 'side': 'buy', 'order_type': 'market'}
2025-12-29 10:05:10 - INFO - 策略类加载成功: VolumeStrategy
2025-12-29 10:05:10 - INFO - 策略实例创建成功: VolumeStrategy
2025-12-29 10:05:10 - INFO - 开始执行策略...
2025-12-29 10:05:10 - INFO - 策略配置: {'api_key': 'f3d3233e01f373cf8734eb78accd602dd24ce7eff705982b63a090cd761ce21e', 'secret_key': '7df12718e8f91e03fede14ca63843a6c15b1a4f0e35a9e43cd2d9cc307556aa7', 'proxy_enabled': True, 'proxy_host': '127.0.0.1', 'proxy_port': 7890}
2025-12-29 10:07:11 - INFO - 策略执行成功！
2025-12-29 10:07:11 - INFO - ============================================================
2025-12-29 10:07:11 - INFO - 任务运行器结束 - 任务ID: 2
2025-12-29 10:07:11 - INFO - ============================================================
2025-12-29 14:08:03 - INFO - === 任务开始 - 测试 (ID: 2) ===
2025-12-29 14:08:03 - INFO - 任务启动成功
2025-12-29 14:08:03 - INFO - 任务参数:
2025-12-29 14:08:03 - INFO -   symbol: SENTISUSDT
2025-12-29 14:08:03 - INFO -   quantity: 101.0
2025-12-29 14:08:03 - INFO -   interval: 5
2025-12-29 14:08:03 - INFO -   rounds: 3
2025-12-29 14:08:03 - INFO -   leverage: 1
2025-12-29 14:08:03 - INFO -   side: buy
2025-12-29 14:08:03 - INFO -   order_type: market
2025-12-29 14:08:05 - INFO - === 任务开始 - 测试 (ID: 1) ===
2025-12-29 14:08:05 - INFO - 任务启动成功
2025-12-29 14:08:05 - INFO - 任务参数:
2025-12-29 14:08:05 - INFO -   symbol: SKYUSDT
2025-12-29 14:08:05 - INFO -   quantity: 3000.0
2025-12-29 14:08:05 - INFO -   interval: 5
2025-12-29 14:08:05 - INFO -   rounds: 3
2025-12-29 14:08:05 - INFO -   leverage: 20
2025-12-29 14:08:05 - INFO -   side: both
2025-12-29 14:08:05 - INFO -   order_type: market
2025-12-29 14:08:05 - INFO - === 任务开始 - 测试 (ID: 2) ===
2025-12-29 14:08:05 - INFO - ============================================================
2025-12-29 14:08:05 - INFO - 任务运行器启动 - 任务ID: 2
2025-12-29 14:08:05 - INFO - ============================================================
2025-12-29 14:08:05 - INFO - 任务数据加载成功: 测试
2025-12-29 14:08:05 - INFO - 钱包: 我自己的钱包 (spot)
2025-12-29 14:08:05 - INFO - 策略: 现货刷量策略 (volume)
2025-12-29 14:08:05 - INFO - 策略参数: {'symbol': 'SENTISUSDT', 'quantity': '101.00000000', 'interval': 5, 'rounds': 3, 'leverage': 1, 'side': 'buy', 'order_type': 'market'}
2025-12-29 14:08:05 - INFO - 策略类加载成功: VolumeStrategy
2025-12-29 14:08:05 - INFO - 策略实例创建成功: VolumeStrategy
2025-12-29 14:08:05 - INFO - 开始执行策略...
2025-12-29 14:08:05 - INFO - 策略配置: {'api_key': None, 'secret_key': None, 'proxy_enabled': True, 'proxy_host': '127.0.0.1', 'proxy_port': 7890}
2025-12-29 14:08:08 - INFO - === 任务开始 - 测试 (ID: 1) ===
2025-12-29 14:08:08 - INFO - ============================================================
2025-12-29 14:08:08 - INFO - 任务运行器启动 - 任务ID: 1
2025-12-29 14:08:08 - INFO - ============================================================
2025-12-29 14:08:08 - INFO - 任务数据加载成功: 测试
2025-12-29 14:08:08 - INFO - 钱包: 我自己的钱包 (futures)
2025-12-29 14:08:08 - INFO - 策略: 合约HIDDEN自成交策略 (hidden_futures)
2025-12-29 14:08:08 - INFO - 策略参数: {'symbol': 'SKYUSDT', 'quantity': '3000.00000000', 'interval': 5, 'rounds': 3, 'leverage': 20, 'side': 'both', 'order_type': 'market'}
2025-12-29 14:08:09 - INFO - 策略类加载成功: HiddenFuturesStrategy
2025-12-29 14:08:09 - INFO - 策略实例创建成功: HiddenFuturesStrategy
2025-12-29 14:08:09 - INFO - 开始执行策略...
2025-12-29 14:08:09 - INFO - 策略配置: {'user_address': '0x056b241835dBe6F401BA19e94cB2039330445F33', 'signer_address': '0x4273a4a866cf2f5ed8ab6dfd19a24f75eed43245', 'private_key': None, 'proxy_enabled': True, 'proxy_host': '127.0.0.1', 'proxy_port': 7890}
2025-12-29 14:08:09 - INFO - \n开始执行HIDDEN隐藏订单合约自成交策略...
2025-12-29 14:08:09 - INFO - 计划执行 3 轮，每轮间隔 5 秒
2025-12-29 14:08:16 - ERROR - [ERROR] 连接错误: Cannot convert None of type <class 'NoneType'> to bytes
2025-12-29 14:08:16 - ERROR - 策略执行失败！
2025-12-29 14:08:16 - INFO - ============================================================
2025-12-29 14:08:16 - INFO - 任务运行器结束 - 任务ID: 1
2025-12-29 14:08:16 - INFO - ============================================================
2025-12-29 14:08:55 - INFO - 任务启动成功
2025-12-29 14:08:55 - INFO - 任务参数:
2025-12-29 14:08:55 - INFO -   symbol: SKYUSDT
2025-12-29 14:08:55 - INFO -   quantity: 3000.0
2025-12-29 14:08:55 - INFO -   interval: 5
2025-12-29 14:08:55 - INFO -   rounds: 3
2025-12-29 14:08:55 - INFO -   leverage: 20
2025-12-29 14:08:55 - INFO -   side: both
2025-12-29 14:08:55 - INFO -   order_type: market
2025-12-29 14:08:58 - INFO - === 任务开始 - 测试 (ID: 1) ===
2025-12-29 14:08:58 - INFO - ============================================================
2025-12-29 14:08:58 - INFO - 任务运行器启动 - 任务ID: 1
2025-12-29 14:08:58 - INFO - ============================================================
2025-12-29 14:08:58 - INFO - 任务数据加载成功: 测试
2025-12-29 14:08:58 - INFO - 钱包: 我自己的钱包 (futures)
2025-12-29 14:08:58 - INFO - 策略: 合约HIDDEN自成交策略 (hidden_futures)
2025-12-29 14:08:58 - INFO - 策略参数: {'symbol': 'SKYUSDT', 'quantity': '3000.00000000', 'interval': 5, 'rounds': 3, 'leverage': 20, 'side': 'both', 'order_type': 'market'}
2025-12-29 14:08:59 - INFO - 策略类加载成功: HiddenFuturesStrategy
2025-12-29 14:08:59 - INFO - 策略实例创建成功: HiddenFuturesStrategy
2025-12-29 14:08:59 - INFO - 开始执行策略...
2025-12-29 14:08:59 - INFO - 策略配置: {'user_address': '0x056b241835dBe6F401BA19e94cB2039330445F33', 'signer_address': '0x4273a4a866cf2f5ed8ab6dfd19a24f75eed43245', 'private_key': None, 'proxy_enabled': True, 'proxy_host': '127.0.0.1', 'proxy_port': 7890}
2025-12-29 14:08:59 - INFO - \n开始执行HIDDEN隐藏订单合约自成交策略...
2025-12-29 14:08:59 - INFO - 计划执行 3 轮，每轮间隔 5 秒
2025-12-29 14:09:09 - ERROR - [ERROR] 连接错误: Cannot convert None of type <class 'NoneType'> to bytes
2025-12-29 14:09:09 - ERROR - 策略执行失败！
2025-12-29 14:09:09 - INFO - ============================================================
2025-12-29 14:09:09 - INFO - 任务运行器结束 - 任务ID: 1
2025-12-29 14:09:09 - INFO - ============================================================
2025-12-29 14:10:06 - INFO - 策略执行成功！
2025-12-29 14:10:06 - INFO - ============================================================
2025-12-29 14:10:06 - INFO - 任务运行器结束 - 任务ID: 2
2025-12-29 14:10:06 - INFO - ============================================================
2025-12-29 14:19:06 - INFO - === 任务开始 - 测试 (ID: 1) ===
2025-12-29 14:19:06 - INFO - 任务启动成功
2025-12-29 14:19:06 - INFO - 任务参数:
2025-12-29 14:19:06 - INFO -   symbol: SKYUSDT
2025-12-29 14:19:06 - INFO -   quantity: 3000.0
2025-12-29 14:19:06 - INFO -   interval: 5
2025-12-29 14:19:06 - INFO -   rounds: 3
2025-12-29 14:19:06 - INFO -   leverage: 20
2025-12-29 14:19:06 - INFO -   side: both
2025-12-29 14:19:06 - INFO -   order_type: market
2025-12-29 14:19:09 - INFO - === 任务开始 - 测试 (ID: 1) ===
2025-12-29 14:19:09 - INFO - ============================================================
2025-12-29 14:19:09 - INFO - 任务运行器启动 - 任务ID: 1
2025-12-29 14:19:09 - INFO - ============================================================
2025-12-29 14:19:09 - INFO - 任务数据加载成功: 测试
2025-12-29 14:19:09 - INFO - 钱包: 我自己的钱包 (futures)
2025-12-29 14:19:09 - INFO - 策略: 合约HIDDEN自成交策略 (hidden_futures)
2025-12-29 14:19:09 - INFO - 策略参数: {'symbol': 'SKYUSDT', 'quantity': '3000.00000000', 'interval': 5, 'rounds': 3, 'leverage': 20, 'side': 'both', 'order_type': 'market'}
2025-12-29 14:19:10 - INFO - 策略类加载成功: HiddenFuturesStrategy
2025-12-29 14:19:10 - INFO - 策略实例创建成功: HiddenFuturesStrategy
2025-12-29 14:19:10 - INFO - 开始执行策略...
2025-12-29 14:19:10 - INFO - 策略配置: {'user_address': '0x056b241835dBe6F401BA19e94cB2039330445F33', 'signer_address': '0x4273a4a866cf2f5ed8ab6dfd19a24f75eed43245', 'private_key': '0x0970faf9405862f4aca808494d2d5740082a5bb6f5f6a37930d1c2314edced97', 'proxy_enabled': True, 'proxy_host': '127.0.0.1', 'proxy_port': 7890}
2025-12-29 14:19:10 - INFO - \n开始执行HIDDEN隐藏订单合约自成交策略...
2025-12-29 14:19:10 - INFO - 计划执行 3 轮，每轮间隔 5 秒
2025-12-29 14:19:21 - INFO - [SUCCESS] 连接和配置完成
2025-12-29 14:19:21 - INFO - 检查账户余额...
2025-12-29 14:19:22 - INFO - 账户余额信息:
2025-12-29 14:19:22 - INFO -   钱包总余额: 31.8320 USDT
2025-12-29 14:19:22 - INFO -   可用余额: 31.8257 USDT
2025-12-29 14:19:23 - INFO - 交易估算:
2025-12-29 14:19:23 - INFO -   当前价格: 0.06442 USDT
2025-12-29 14:19:23 - INFO -   交易数量: 3000 张
2025-12-29 14:19:23 - INFO -   杠杆倍数: 20x
2025-12-29 14:19:23 - INFO -   所需保证金: 9.6630 USDT
2025-12-29 14:19:23 - INFO - [SUCCESS] 账户余额充足
2025-12-29 14:19:23 - INFO - \n============================================================
2025-12-29 14:19:23 - INFO - 开始第 1/3 轮交易
2025-12-29 14:19:23 - INFO - ============================================================
2025-12-29 14:19:25 - INFO - 深度信息: 买一=0.06441, 卖一=0.06446
2025-12-29 14:19:25 - INFO - 价差: 0.00005
2025-12-29 14:19:25 - INFO - 中间价格: 0.06443
2025-12-29 14:19:25 - INFO - \n=== 第1轮: 执行HIDDEN隐藏订单自成交 ===
2025-12-29 14:19:25 - INFO - 中间价格: 0.06443
2025-12-29 14:19:25 - INFO - 数量: 3000.00000000张 (多空各3000.00000000张)
2025-12-29 14:19:25 - INFO - 统一价格字符串: '0.06443'
2025-12-29 14:19:25 - INFO - HIDDEN隐藏订单详情:
2025-12-29 14:19:25 - INFO -   订单1: BUY 3000.00000000张 @0.06443 (HIDDEN)
2025-12-29 14:19:25 - INFO -   订单2: SELL 3000.00000000张 @0.06443 (HIDDEN)
2025-12-29 14:19:25 - INFO - \n提交批量HIDDEN订单...
2025-12-29 14:19:30 - INFO - 批量下单耗时: 4782毫秒
2025-12-29 14:19:42 - INFO - [SUCCESS] 第1轮执行成功! 耗时: 18547毫秒
2025-12-29 14:19:42 - INFO - \n等待 5 秒进入下一轮...
2025-12-29 14:19:47 - INFO - \n============================================================
2025-12-29 14:19:47 - INFO - 开始第 2/3 轮交易
2025-12-29 14:19:47 - INFO - ============================================================
2025-12-29 14:19:56 - INFO - 深度信息: 买一=0.06439, 卖一=0.06446
2025-12-29 14:19:56 - INFO - 价差: 0.00007
2025-12-29 14:19:56 - INFO - 中间价格: 0.06443
2025-12-29 14:19:56 - INFO - \n=== 第2轮: 执行HIDDEN隐藏订单自成交 ===
2025-12-29 14:19:56 - INFO - 中间价格: 0.06443
2025-12-29 14:19:56 - INFO - 数量: 3000.00000000张 (多空各3000.00000000张)
2025-12-29 14:19:56 - INFO - 统一价格字符串: '0.06443'
2025-12-29 14:19:56 - INFO - HIDDEN隐藏订单详情:
2025-12-29 14:19:56 - INFO -   订单1: BUY 3000.00000000张 @0.06443 (HIDDEN)
2025-12-29 14:19:56 - INFO -   订单2: SELL 3000.00000000张 @0.06443 (HIDDEN)
2025-12-29 14:19:56 - INFO - \n提交批量HIDDEN订单...
2025-12-29 14:19:56 - INFO - 批量下单耗时: 757毫秒
2025-12-29 14:19:58 - INFO - [SUCCESS] 第2轮执行成功! 耗时: 11344毫秒
2025-12-29 14:19:58 - INFO - \n等待 5 秒进入下一轮...
2025-12-29 14:20:03 - INFO - \n============================================================
2025-12-29 14:20:03 - INFO - 开始第 3/3 轮交易
2025-12-29 14:20:03 - INFO - ============================================================
2025-12-29 14:20:11 - INFO - 深度信息: 买一=0.06439, 卖一=0.06444
2025-12-29 14:20:11 - INFO - 价差: 0.00005
2025-12-29 14:20:11 - INFO - 中间价格: 0.06442
2025-12-29 14:20:11 - INFO - \n=== 第3轮: 执行HIDDEN隐藏订单自成交 ===
2025-12-29 14:20:11 - INFO - 中间价格: 0.06442
2025-12-29 14:20:11 - INFO - 数量: 3000.00000000张 (多空各3000.00000000张)
2025-12-29 14:20:11 - INFO - 统一价格字符串: '0.06442'
2025-12-29 14:20:11 - INFO - HIDDEN隐藏订单详情:
2025-12-29 14:20:11 - INFO -   订单1: BUY 3000.00000000张 @0.06442 (HIDDEN)
2025-12-29 14:20:11 - INFO -   订单2: SELL 3000.00000000张 @0.06442 (HIDDEN)
2025-12-29 14:20:11 - INFO - \n提交批量HIDDEN订单...
2025-12-29 14:20:21 - INFO - 批量下单耗时: 10329毫秒
2025-12-29 14:20:37 - ERROR - [FAILED] 第3轮执行失败! 耗时: 33536毫秒
2025-12-29 14:20:37 - INFO - \n============================================================
2025-12-29 14:20:37 - INFO - === 策略执行完成 ===
2025-12-29 14:20:37 - INFO - ============================================================
2025-12-29 14:20:37 - INFO - [SUCCESS] HIDDEN隐藏订单自成交策略执行完成!
2025-12-29 14:20:37 - INFO - [SUMMARY] 执行总结:
2025-12-29 14:20:37 - INFO -   交易对: SKYUSDT
2025-12-29 14:20:37 - INFO -   单次数量: 3000.00000000张 (多空各3000.00000000张)
2025-12-29 14:20:37 - INFO -   总轮次: 3轮
2025-12-29 14:20:37 - INFO -   成功轮次: 2轮
2025-12-29 14:20:37 - INFO -   失败轮次: 1轮
2025-12-29 14:20:37 - INFO -   成功率: 66.7%
2025-12-29 14:20:37 - INFO -   间隔时间: 5秒
2025-12-29 14:20:37 - INFO -   订单类型: HIDDEN隐藏订单
2025-12-29 14:20:37 - INFO -   成交方式: 批量API同时提交，立即内部匹配
2025-12-29 14:20:37 - INFO -   总耗时: 73484毫秒
2025-12-29 14:20:37 - INFO -   平均每轮: 24495毫秒
2025-12-29 14:20:37 - INFO - 策略执行成功！
2025-12-29 14:20:37 - INFO - ============================================================
2025-12-29 14:20:37 - INFO - 任务运行器结束 - 任务ID: 1
2025-12-29 14:20:37 - INFO - ============================================================
